-------------------------------------------------------------------------------
Test set: com.vytrack.runners.CukesRunner
-------------------------------------------------------------------------------
Tests run: 3, Failures: 2, Errors: 0, Skipped: 0, Time elapsed: 92.195 s <<< FAILURE! - in com.vytrack.runners.CukesRunner
Driver user(Account types)  Time elapsed: 34.205 s  <<< FAILURE!
java.lang.AssertionError

Sales manager user(Account types)  Time elapsed: 28.619 s  <<< FAILURE!
java.lang.AssertionError

